<?xml version="1.0" encoding="UTF-8"?>
<!-- Generated by org.testng.reporters.JUnitReportReporter -->
<testsuite hostname="LAPTOP-T22UOKH9" failures="0" tests="3" name="Tests.logintest" time="79.779" errors="0" timestamp="2024-06-19T01:13:31 IST" skipped="0">
  <testcase classname="Tests.logintest" name="logintest" time="24.649"/>
  <testcase classname="Tests.logintest" name="MealPlanner" time="45.540"/>
  <testcase classname="Tests.logintest" name="SearchLeftOver" time="9.590"/>
</testsuite> <!-- Tests.logintest -->
